  main.cpp
LINK : warning LNK4098: defaultlib 'LIBCMT' conflicts with use of other libs; use /NODEFAULTLIB:library
main.obj : error LNK2019: unresolved external symbol __imp_glClear referenced in function main
main.obj : error LNK2019: unresolved external symbol __imp_glClearColor referenced in function main
main.obj : error LNK2019: unresolved external symbol __imp_glDrawArrays referenced in function main
main.obj : error LNK2019: unresolved external symbol __imp_glViewport referenced in function main
main.obj : error LNK2019: unresolved external symbol glfwInit referenced in function main
main.obj : error LNK2019: unresolved external symbol glfwTerminate referenced in function main
main.obj : error LNK2019: unresolved external symbol glfwWindowHint referenced in function main
main.obj : error LNK2019: unresolved external symbol glfwCreateWindow referenced in function main
main.obj : error LNK2019: unresolved external symbol glfwWindowShouldClose referenced in function main
main.obj : error LNK2019: unresolved external symbol glfwGetFramebufferSize referenced in function main
main.obj : error LNK2019: unresolved external symbol glfwPollEvents referenced in function main
main.obj : error LNK2019: unresolved external symbol glfwMakeContextCurrent referenced in function main
main.obj : error LNK2019: unresolved external symbol glfwSwapBuffers referenced in function main
glew32s.lib(glew.obj) : error LNK2019: unresolved external symbol __imp_glGetIntegerv referenced in function glewContextInit
glew32s.lib(glew.obj) : error LNK2019: unresolved external symbol __imp_glGetString referenced in function glewContextInit
glew32s.lib(glew.obj) : error LNK2019: unresolved external symbol __imp_wglGetCurrentDC referenced in function wglewGetExtension
glew32s.lib(glew.obj) : error LNK2019: unresolved external symbol __imp_wglGetProcAddress referenced in function _glewInit_GL_3DFX_tbuffer
C:\Users\rkm87\opengl\glfw-3.2.1.bin.WIN32\lib-vc2015\glfw3.lib : warning LNK4272: library machine type 'x86' conflicts with target machine type 'x64'
C:\Users\rkm87\source\repos\spaceRTS\x64\Debug\spaceRTS.exe : fatal error LNK1120: 17 unresolved externals
