  Fibonacci Sequence.cpp
C:\Users\bgard\Desktop\Visual Studio\Fibonacci Sequence\Fibonacci Sequence\Fibonacci Sequence.cpp(7,306): error C2059: syntax error: ';'
C:\Users\bgard\Desktop\Visual Studio\Fibonacci Sequence\Fibonacci Sequence\Fibonacci Sequence.cpp(8,5): error C2466: cannot allocate an array of constant size 0
C:\Users\bgard\Desktop\Visual Studio\Fibonacci Sequence\Fibonacci Sequence\Fibonacci Sequence.cpp(8,12): error C2440: 'initializing': cannot convert from 'int' to 'int [0]'
C:\Users\bgard\Desktop\Visual Studio\Fibonacci Sequence\Fibonacci Sequence\Fibonacci Sequence.cpp(8,12): message : There are no conversions to array types, although there are conversions to references or pointers to arrays
C:\Users\bgard\Desktop\Visual Studio\Fibonacci Sequence\Fibonacci Sequence\Fibonacci Sequence.cpp(9,5): error C2374: 'fib': redefinition; multiple initialization
C:\Users\bgard\Desktop\Visual Studio\Fibonacci Sequence\Fibonacci Sequence\Fibonacci Sequence.cpp(8,5): message : see declaration of 'fib'
C:\Users\bgard\Desktop\Visual Studio\Fibonacci Sequence\Fibonacci Sequence\Fibonacci Sequence.cpp(12,5): error C2059: syntax error: 'for'
C:\Users\bgard\Desktop\Visual Studio\Fibonacci Sequence\Fibonacci Sequence\Fibonacci Sequence.cpp(12,5): error C2143: syntax error: missing ')' before ';'
C:\Users\bgard\Desktop\Visual Studio\Fibonacci Sequence\Fibonacci Sequence\Fibonacci Sequence.cpp(12,23): error C2143: syntax error: missing ';' before '<'
C:\Users\bgard\Desktop\Visual Studio\Fibonacci Sequence\Fibonacci Sequence\Fibonacci Sequence.cpp(12,23): error C4430: missing type specifier - int assumed. Note: C++ does not support default-int
C:\Users\bgard\Desktop\Visual Studio\Fibonacci Sequence\Fibonacci Sequence\Fibonacci Sequence.cpp(12,21): error C2086: 'int i': redefinition
C:\Users\bgard\Desktop\Visual Studio\Fibonacci Sequence\Fibonacci Sequence\Fibonacci Sequence.cpp(10,5): message : see declaration of 'i'
C:\Users\bgard\Desktop\Visual Studio\Fibonacci Sequence\Fibonacci Sequence\Fibonacci Sequence.cpp(12,23): error C2059: syntax error: '<'
C:\Users\bgard\Desktop\Visual Studio\Fibonacci Sequence\Fibonacci Sequence\Fibonacci Sequence.cpp(12,33): error C2059: syntax error: ')'
C:\Users\bgard\Desktop\Visual Studio\Fibonacci Sequence\Fibonacci Sequence\Fibonacci Sequence.cpp(13,5): error C2143: syntax error: missing ';' before '{'
C:\Users\bgard\Desktop\Visual Studio\Fibonacci Sequence\Fibonacci Sequence\Fibonacci Sequence.cpp(13,5): error C2447: '{': missing function header (old-style formal list?)
C:\Users\bgard\Desktop\Visual Studio\Fibonacci Sequence\Fibonacci Sequence\Fibonacci Sequence.cpp(16,5): error C2059: syntax error: 'for'
C:\Users\bgard\Desktop\Visual Studio\Fibonacci Sequence\Fibonacci Sequence\Fibonacci Sequence.cpp(16,5): error C2143: syntax error: missing ')' before ';'
C:\Users\bgard\Desktop\Visual Studio\Fibonacci Sequence\Fibonacci Sequence\Fibonacci Sequence.cpp(16,19): error C2143: syntax error: missing ';' before '<'
C:\Users\bgard\Desktop\Visual Studio\Fibonacci Sequence\Fibonacci Sequence\Fibonacci Sequence.cpp(16,19): error C4430: missing type specifier - int assumed. Note: C++ does not support default-int
C:\Users\bgard\Desktop\Visual Studio\Fibonacci Sequence\Fibonacci Sequence\Fibonacci Sequence.cpp(16,17): error C2086: 'int i': redefinition
C:\Users\bgard\Desktop\Visual Studio\Fibonacci Sequence\Fibonacci Sequence\Fibonacci Sequence.cpp(10,5): message : see declaration of 'i'
C:\Users\bgard\Desktop\Visual Studio\Fibonacci Sequence\Fibonacci Sequence\Fibonacci Sequence.cpp(16,19): error C2059: syntax error: '<'
C:\Users\bgard\Desktop\Visual Studio\Fibonacci Sequence\Fibonacci Sequence\Fibonacci Sequence.cpp(16,27): error C2143: syntax error: missing ';' before '++'
C:\Users\bgard\Desktop\Visual Studio\Fibonacci Sequence\Fibonacci Sequence\Fibonacci Sequence.cpp(16,27): error C4430: missing type specifier - int assumed. Note: C++ does not support default-int
C:\Users\bgard\Desktop\Visual Studio\Fibonacci Sequence\Fibonacci Sequence\Fibonacci Sequence.cpp(16,26): error C2086: 'int i': redefinition
C:\Users\bgard\Desktop\Visual Studio\Fibonacci Sequence\Fibonacci Sequence\Fibonacci Sequence.cpp(10,5): message : see declaration of 'i'
C:\Users\bgard\Desktop\Visual Studio\Fibonacci Sequence\Fibonacci Sequence\Fibonacci Sequence.cpp(16,27): error C2059: syntax error: '++'
C:\Users\bgard\Desktop\Visual Studio\Fibonacci Sequence\Fibonacci Sequence\Fibonacci Sequence.cpp(16,30): error C2059: syntax error: ')'
C:\Users\bgard\Desktop\Visual Studio\Fibonacci Sequence\Fibonacci Sequence\Fibonacci Sequence.cpp(17,5): error C2447: '{': missing function header (old-style formal list?)
C:\Users\bgard\Desktop\Visual Studio\Fibonacci Sequence\Fibonacci Sequence\Fibonacci Sequence.cpp(20,5): error C2059: syntax error: 'return'
C:\Users\bgard\Desktop\Visual Studio\Fibonacci Sequence\Fibonacci Sequence\Fibonacci Sequence.cpp(21,1): error C2059: syntax error: '}'
C:\Users\bgard\Desktop\Visual Studio\Fibonacci Sequence\Fibonacci Sequence\Fibonacci Sequence.cpp(21,1): error C2143: syntax error: missing ';' before '}'
