c:\users\rkm87\source\repos\spacerts\spacerts\debug\vc141.pdb
c:\users\rkm87\source\repos\spacerts\spacerts\debug\vc141.idb
c:\users\rkm87\source\repos\spacerts\spacerts\debug\worldmenu.obj
c:\users\rkm87\source\repos\spacerts\spacerts\debug\worldlayerbase.obj
c:\users\rkm87\source\repos\spacerts\spacerts\debug\windowsnetcode.obj
c:\users\rkm87\source\repos\spacerts\spacerts\debug\scaleimguilayer.obj
c:\users\rkm87\source\repos\spacerts\spacerts\debug\commanderlayer.obj
c:\users\rkm87\source\repos\spacerts\spacerts\debug\commanderimguilayer.obj
c:\users\rkm87\source\repos\spacerts\spacerts\debug\scalelayer.obj
c:\users\rkm87\source\repos\spacerts\spacerts\debug\projectionlayer.obj
c:\users\rkm87\source\repos\spacerts\spacerts\debug\projectionimguilayer.obj
c:\users\rkm87\source\repos\spacerts\spacerts\debug\combatlayer.obj
c:\users\rkm87\source\repos\spacerts\spacerts\debug\combatmguilayer.obj
c:\users\rkm87\source\repos\spacerts\spacerts\debug\mousepickerlayer.obj
c:\users\rkm87\source\repos\spacerts\spacerts\debug\layerstack.obj
c:\users\rkm87\source\repos\spacerts\spacerts\debug\layer.obj
c:\users\rkm87\source\repos\spacerts\spacerts\debug\imguilayer.obj
c:\users\rkm87\source\repos\spacerts\spacerts\debug\weaponbase.obj
c:\users\rkm87\source\repos\spacerts\spacerts\debug\primitiveobject.obj
c:\users\rkm87\source\repos\spacerts\spacerts\debug\player.obj
c:\users\rkm87\source\repos\spacerts\spacerts\debug\laser.obj
c:\users\rkm87\source\repos\spacerts\spacerts\debug\event.obj
c:\users\rkm87\source\repos\spacerts\spacerts\debug\vertexbufferlayout.obj
c:\users\rkm87\source\repos\spacerts\spacerts\debug\vertexarray.obj
c:\users\rkm87\source\repos\spacerts\spacerts\debug\texture.obj
c:\users\rkm87\source\repos\spacerts\spacerts\debug\shaders.obj
c:\users\rkm87\source\repos\spacerts\spacerts\debug\indexbuffer.obj
c:\users\rkm87\source\repos\spacerts\spacerts\debug\camera.obj
c:\users\rkm87\source\repos\spacerts\spacerts\debug\object.obj
c:\users\rkm87\source\repos\spacerts\spacerts\debug\glcall.obj
c:\users\rkm87\source\repos\spacerts\spacerts\debug\log.obj
c:\users\rkm87\source\repos\spacerts\spacerts\debug\octtree.obj
c:\users\rkm87\source\repos\spacerts\spacerts\debug\intersectionrecord.obj
c:\users\rkm87\source\repos\spacerts\spacerts\debug\boundingsphere.obj
c:\users\rkm87\source\repos\spacerts\spacerts\debug\boundingfrustum.obj
c:\users\rkm87\source\repos\spacerts\spacerts\debug\boundingbox.obj
c:\users\rkm87\source\repos\spacerts\spacerts\debug\baseboundingobject.obj
c:\users\rkm87\source\repos\spacerts\spacerts\debug\parsingbase.obj
c:\users\rkm87\source\repos\spacerts\spacerts\debug\objparser.obj
c:\users\rkm87\source\repos\spacerts\spacerts\debug\gameobject.obj
c:\users\rkm87\source\repos\spacerts\spacerts\debug\fbxfileparser.obj
c:\users\rkm87\source\repos\spacerts\spacerts\debug\assetloader.obj
c:\users\rkm87\source\repos\spacerts\spacerts\debug\windowswindow.obj
c:\users\rkm87\source\repos\spacerts\spacerts\debug\windowsinput.obj
c:\users\rkm87\source\repos\spacerts\spacerts\debug\vertexbuffer.obj
c:\users\rkm87\source\repos\spacerts\spacerts\debug\rednderer.obj
c:\users\rkm87\source\repos\spacerts\spacerts\debug\application.obj
c:\users\rkm87\source\repos\spacerts\spacerts\debug\stb_image.obj
c:\users\rkm87\source\repos\spacerts\spacerts\debug\imgui_widgets.obj
c:\users\rkm87\source\repos\spacerts\spacerts\debug\imgui_impl_opengl3.obj
c:\users\rkm87\source\repos\spacerts\spacerts\debug\imgui_impl_glfw.obj
c:\users\rkm87\source\repos\spacerts\spacerts\debug\imgui_draw.obj
c:\users\rkm87\source\repos\spacerts\spacerts\debug\imgui_demo.obj
c:\users\rkm87\source\repos\spacerts\spacerts\debug\imgui.obj
c:\users\rkm87\source\repos\spacerts\spacerts\debug\glm.obj
c:\users\rkm87\source\repos\spacerts\spacerts\debug\gamelobby.obj
c:\users\rkm87\source\repos\spacerts\spacerts\debug\spacerts.pch
c:\users\rkm87\source\repos\spacerts\spacerts\debug\mepch.obj
c:\users\rkm87\source\repos\spacerts\debug\spacerts.dll
c:\users\rkm87\source\repos\spacerts\debug\spacerts.ilk
c:\users\rkm87\source\repos\spacerts\debug\spacerts.pdb
c:\users\rkm87\source\repos\spacerts\debug\spacerts.lib
c:\users\rkm87\source\repos\spacerts\debug\spacerts.exp
c:\users\rkm87\source\repos\spacerts\spacerts\debug\spacerts.tlog\cl.command.1.tlog
c:\users\rkm87\source\repos\spacerts\spacerts\debug\spacerts.tlog\cl.read.1.tlog
c:\users\rkm87\source\repos\spacerts\spacerts\debug\spacerts.tlog\cl.write.1.tlog
c:\users\rkm87\source\repos\spacerts\spacerts\debug\spacerts.tlog\link.10120.delete.1.tlog
c:\users\rkm87\source\repos\spacerts\spacerts\debug\spacerts.tlog\link.13644.delete.1.tlog
c:\users\rkm87\source\repos\spacerts\spacerts\debug\spacerts.tlog\link.13812.delete.1.tlog
c:\users\rkm87\source\repos\spacerts\spacerts\debug\spacerts.tlog\link.14700.delete.1.tlog
c:\users\rkm87\source\repos\spacerts\spacerts\debug\spacerts.tlog\link.15600.delete.1.tlog
c:\users\rkm87\source\repos\spacerts\spacerts\debug\spacerts.tlog\link.15636.delete.1.tlog
c:\users\rkm87\source\repos\spacerts\spacerts\debug\spacerts.tlog\link.17472.delete.1.tlog
c:\users\rkm87\source\repos\spacerts\spacerts\debug\spacerts.tlog\link.4220.delete.1.tlog
c:\users\rkm87\source\repos\spacerts\spacerts\debug\spacerts.tlog\link.4468.delete.1.tlog
c:\users\rkm87\source\repos\spacerts\spacerts\debug\spacerts.tlog\link.4536.delete.1.tlog
c:\users\rkm87\source\repos\spacerts\spacerts\debug\spacerts.tlog\link.9096.delete.1.tlog
c:\users\rkm87\source\repos\spacerts\spacerts\debug\spacerts.tlog\link.command.1.tlog
c:\users\rkm87\source\repos\spacerts\spacerts\debug\spacerts.tlog\link.read.1.tlog
c:\users\rkm87\source\repos\spacerts\spacerts\debug\spacerts.tlog\link.write.1.tlog
c:\users\rkm87\source\repos\spacerts\spacerts\debug\spacerts.tlog\spacerts.write.1u.tlog
